<?xml version="1.0" encoding="UTF-8"?>
<!-- Generated by org.testng.reporters.JUnitReportReporter -->
<testsuite hostname="VG" failures="0" tests="3" name="streamFunction.CountOfString" time="0.018" errors="0" timestamp="2024-02-12T18:56:43 IST" skipped="0">
  <testcase classname="streamFunction.CountOfString" name="streamMap" time="0.005"/>
  <system-out/>
  <testcase classname="streamFunction.CountOfString" name="regular" time="0.008"/>
  <system-out/>
  <testcase classname="streamFunction.CountOfString" name="stramFilter" time="0.005"/>
  <system-out/>
</testsuite> <!-- streamFunction.CountOfString -->
