<?xml version="1.0" encoding="UTF-8"?>
<!-- Generated by org.testng.reporters.JUnitReportReporter -->
<testsuite hostname="VG" failures="0" tests="1" name="streamFunction.streamAndLambda" time="0.010" errors="0" timestamp="2024-02-13T10:59:56 IST" skipped="0">
  <testcase classname="streamFunction.streamAndLambda" name="StremOnInteger" time="0.010"/>
  <system-out/>
</testsuite> <!-- streamFunction.streamAndLambda -->
