<?xml version="1.0" encoding="UTF-8"?>
<!-- Generated by org.testng.reporters.JUnitReportReporter -->
<testsuite hostname="VG" failures="0" tests="3" name="java_prep.Reverse_String" time="0.010" errors="0" timestamp="2024-02-13T17:34:44 IST" skipped="0">
  <testcase classname="java_prep.Reverse_String" name="stringConcat" time="0.001"/>
  <system-out/>
  <testcase classname="java_prep.Reverse_String" name="charArray" time="0.001"/>
  <system-out/>
  <testcase classname="java_prep.Reverse_String" name="StrBuffer" time="0.008"/>
  <system-out/>
</testsuite> <!-- java_prep.Reverse_String -->
